2022-09-12 17:26:30, tb_device_mqtt INFO Trying to connect to 10.60.3.26...
2022-09-12 17:26:30, tb_device_mqtt INFO connection SUCCESS
2022-09-12 17:26:30, tb_gateway_mqtt DEBUG Service subscription to topic v1/gateway/attributes - successfully completed.
2022-09-12 17:26:30, tb_gateway_mqtt DEBUG Service subscription to topic v1/gateway/attributes/response - successfully completed.
2022-09-12 17:26:30, tb_gateway_mqtt DEBUG Service subscription to topic v1/gateway/rpc - successfully completed.
2022-09-12 17:26:31, tb_gateway_mqtt DEBUG Connected device Bus D1
2022-09-12 17:26:31, tb_gateway_mqtt DEBUG Connected device Bus D2
2022-09-12 17:26:31, tb_gateway_mqtt DEBUG Connected device Bus E
2022-09-12 17:26:31, tb_gateway_mqtt DEBUG Connected device Bus K
Publish Bus D1 Attribute - Color
2022-09-12 17:26:31, __main__ INFO Publish Bus D1 Attribute - Color
Read Telemetry CSV D1. Total Record: 532
2022-09-12 17:26:31, __main__ INFO Read Telemetry CSV D1. Total Record: 532
Read Telemetry CSV D2. Total Record: 686
2022-09-12 17:26:31, __main__ INFO Read Telemetry CSV D2. Total Record: 686
Read Telemetry CSV E. Total Record: 446
2022-09-12 17:26:31, __main__ INFO Read Telemetry CSV E. Total Record: 446
Read Telemetry CSV K. Total Record: 618
2022-09-12 17:26:31, __main__ INFO Read Telemetry CSV K. Total Record: 618
0) Bus D1 {'ts': 1662974793632, 'values': {'fuel': '80', 'speed': 0, 'latitude': '1.29449', 'longitude': '103.77517', 'occupancy': 54.7, 'temp': 25.2, 'engine_temp': 201.6, 'eta': '0 min 0 sec', 'health_status': 'Healthy', 'health_des': 'Operating', 'bus_stop': 'COM 3', 'bus_stop_status': 'Arrived', 'bus_health_color': '#7FB77E'}}
2022-09-12 17:26:33, __main__ DEBUG 0) Bus D1 {'ts': 1662974793632, 'values': {'fuel': '80', 'speed': 0, 'latitude': '1.29449', 'longitude': '103.77517', 'occupancy': 54.7, 'temp': 25.2, 'engine_temp': 201.6, 'eta': '0 min 0 sec', 'health_status': 'Healthy', 'health_des': 'Operating', 'bus_stop': 'COM 3', 'bus_stop_status': 'Arrived', 'bus_health_color': '#7FB77E'}}
0) Bus D2 {'ts': 1662974793633, 'values': {'fuel': '80', 'speed': 0, 'latitude': '1.29182', 'longitude': '103.78036', 'occupancy': 45.7, 'temp': 25.0, 'engine_temp': 198.4, 'eta': '0 min 0 sec', 'health_status': 'Healthy', 'health_des': 'Operating', 'bus_stop': "Prince Geroge's Park", 'bus_stop_status': 'Arrived', 'bus_health_color': '#7FB77E'}}
2022-09-12 17:26:33, __main__ DEBUG 0) Bus D2 {'ts': 1662974793633, 'values': {'fuel': '80', 'speed': 0, 'latitude': '1.29182', 'longitude': '103.78036', 'occupancy': 45.7, 'temp': 25.0, 'engine_temp': 198.4, 'eta': '0 min 0 sec', 'health_status': 'Healthy', 'health_des': 'Operating', 'bus_stop': "Prince Geroge's Park", 'bus_stop_status': 'Arrived', 'bus_health_color': '#7FB77E'}}
18) Bus E {'ts': 1662974793637, 'values': {'fuel': '80', 'speed': 56.0, 'latitude': '1.30374', 'longitude': '103.77553', 'occupancy': 40, 'temp': 23.1, 'engine_temp': 195.9, 'eta': '0 min 54 sec', 'health_status': 'Healthy', 'health_des': 'Operating', 'bus_stop': 'Kent Ridge MRT', 'bus_stop_status': 'Next Stop', 'bus_health_color': '#7FB77E'}}
2022-09-12 17:26:33, __main__ DEBUG 18) Bus E {'ts': 1662974793637, 'values': {'fuel': '80', 'speed': 56.0, 'latitude': '1.30374', 'longitude': '103.77553', 'occupancy': 40, 'temp': 23.1, 'engine_temp': 195.9, 'eta': '0 min 54 sec', 'health_status': 'Healthy', 'health_des': 'Operating', 'bus_stop': 'Kent Ridge MRT', 'bus_stop_status': 'Next Stop', 'bus_health_color': '#7FB77E'}}
36) Bus K {'ts': 1662974793645, 'values': {'fuel': '80', 'speed': 58.8, 'latitude': '1.29183', 'longitude': '103.78293', 'occupancy': 20, 'temp': 22.7, 'engine_temp': 202.1, 'eta': '0 min 18 sec', 'health_status': 'Healthy', 'health_des': 'Operating', 'bus_stop': 'Kent Ridge MRT', 'bus_stop_status': 'Next Stop', 'bus_health_color': '#7FB77E'}}
2022-09-12 17:26:33, __main__ DEBUG 36) Bus K {'ts': 1662974793645, 'values': {'fuel': '80', 'speed': 58.8, 'latitude': '1.29183', 'longitude': '103.78293', 'occupancy': 20, 'temp': 22.7, 'engine_temp': 202.1, 'eta': '0 min 18 sec', 'health_status': 'Healthy', 'health_des': 'Operating', 'bus_stop': 'Kent Ridge MRT', 'bus_stop_status': 'Next Stop', 'bus_health_color': '#7FB77E'}}
